2020-10-06 6:38:47 - PHP Warning:  unlink(C:/xampp/storage/cache/cache.store.1601969921): No such file or directory in C:\xampp\htdocs\upload\system\library\cache\file.php on line 68
2020-10-07 4:28:18 - PHP Warning:  fopen(C:/xampp/storage/cache/cache.store.1602048498): failed to open stream: Permission denied in C:\xampp\htdocs\upload\system\library\cache\file.php on line 28
2020-10-07 4:28:18 - PHP Warning:  flock() expects parameter 1 to be resource, bool given in C:\xampp\htdocs\upload\system\library\cache\file.php on line 30
2020-10-07 4:28:18 - PHP Warning:  filesize(): stat failed for C:/xampp/storage/cache/cache.store.1602048498 in C:\xampp\htdocs\upload\system\library\cache\file.php on line 32
2020-10-07 4:28:18 - PHP Warning:  fread() expects parameter 1 to be resource, bool given in C:\xampp\htdocs\upload\system\library\cache\file.php on line 32
2020-10-07 4:28:18 - PHP Warning:  flock() expects parameter 1 to be resource, bool given in C:\xampp\htdocs\upload\system\library\cache\file.php on line 34
2020-10-07 4:28:18 - PHP Warning:  fclose() expects parameter 1 to be resource, bool given in C:\xampp\htdocs\upload\system\library\cache\file.php on line 36
2020-10-07 7:58:45 - PHP Warning:  fopen(C:/xampp/storage/cache/cache.store.1602061124): failed to open stream: No such file or directory in C:\xampp\htdocs\upload\system\library\cache\file.php on line 28
2020-10-07 7:58:45 - PHP Warning:  flock() expects parameter 1 to be resource, bool given in C:\xampp\htdocs\upload\system\library\cache\file.php on line 30
2020-10-07 7:58:45 - PHP Warning:  filesize(): stat failed for C:/xampp/storage/cache/cache.store.1602061124 in C:\xampp\htdocs\upload\system\library\cache\file.php on line 32
2020-10-07 7:58:45 - PHP Warning:  fread() expects parameter 1 to be resource, bool given in C:\xampp\htdocs\upload\system\library\cache\file.php on line 32
2020-10-07 7:58:45 - PHP Warning:  flock() expects parameter 1 to be resource, bool given in C:\xampp\htdocs\upload\system\library\cache\file.php on line 34
2020-10-07 7:58:45 - PHP Warning:  fclose() expects parameter 1 to be resource, bool given in C:\xampp\htdocs\upload\system\library\cache\file.php on line 36
2020-10-07 13:24:42 - PHP Warning:  mail(): Failed to connect to mailserver at &quot;localhost&quot; port 25, verify your &quot;SMTP&quot; and &quot;smtp_port&quot; setting in php.ini or use ini_set() in C:\xampp\htdocs\upload\system\library\mail\mail.php on line 77
2020-10-07 13:24:44 - PHP Warning:  mail(): Failed to connect to mailserver at &quot;localhost&quot; port 25, verify your &quot;SMTP&quot; and &quot;smtp_port&quot; setting in php.ini or use ini_set() in C:\xampp\htdocs\upload\system\library\mail\mail.php on line 77
2020-10-07 13:29:19 - PHP Warning:  mail(): Failed to connect to mailserver at &quot;localhost&quot; port 25, verify your &quot;SMTP&quot; and &quot;smtp_port&quot; setting in php.ini or use ini_set() in C:\xampp\htdocs\upload\system\library\mail\mail.php on line 77
2020-10-07 13:29:21 - PHP Warning:  mail(): Failed to connect to mailserver at &quot;localhost&quot; port 25, verify your &quot;SMTP&quot; and &quot;smtp_port&quot; setting in php.ini or use ini_set() in C:\xampp\htdocs\upload\system\library\mail\mail.php on line 77
2020-10-08 6:31:31 - PHP Notice:  Undefined index: config_background_image_position in C:\xampp\htdocs\upload\vqmod\vqcache\vq2-admin_model_catalog_category.php on line 64
2020-10-08 6:31:31 - PHP Notice:  Undefined index: config_background_image in C:\xampp\htdocs\upload\vqmod\vqcache\vq2-admin_model_catalog_category.php on line 64
2020-10-08 9:44:06 - PHP Notice:  Undefined index: config_background_image_position in C:\xampp\htdocs\upload\vqmod\vqcache\vq2-admin_model_catalog_product.php on line 138
2020-10-08 9:44:06 - PHP Notice:  Undefined index: config_background_image in C:\xampp\htdocs\upload\vqmod\vqcache\vq2-admin_model_catalog_product.php on line 138
2020-10-08 9:44:23 - PHP Notice:  Undefined index: config_background_image_position in C:\xampp\htdocs\upload\vqmod\vqcache\vq2-admin_model_catalog_product.php on line 138
2020-10-08 9:44:23 - PHP Notice:  Undefined index: config_background_image in C:\xampp\htdocs\upload\vqmod\vqcache\vq2-admin_model_catalog_product.php on line 138
2020-10-08 9:45:50 - PHP Notice:  Undefined index: config_background_image_position in C:\xampp\htdocs\upload\vqmod\vqcache\vq2-admin_model_catalog_product.php on line 138
2020-10-08 9:45:50 - PHP Notice:  Undefined index: config_background_image in C:\xampp\htdocs\upload\vqmod\vqcache\vq2-admin_model_catalog_product.php on line 138
2020-10-08 10:04:25 - PHP Notice:  Undefined index: config_background_image_position in C:\xampp\htdocs\upload\vqmod\vqcache\vq2-admin_model_catalog_product.php on line 138
2020-10-08 10:04:25 - PHP Notice:  Undefined index: config_background_image in C:\xampp\htdocs\upload\vqmod\vqcache\vq2-admin_model_catalog_product.php on line 138
2020-10-08 10:07:24 - PHP Notice:  Undefined index: config_background_image_position in C:\xampp\htdocs\upload\vqmod\vqcache\vq2-admin_model_catalog_product.php on line 138
2020-10-08 10:07:24 - PHP Notice:  Undefined index: config_background_image in C:\xampp\htdocs\upload\vqmod\vqcache\vq2-admin_model_catalog_product.php on line 138
2020-10-08 10:07:32 - PHP Notice:  Undefined index: config_background_image_position in C:\xampp\htdocs\upload\vqmod\vqcache\vq2-admin_model_catalog_product.php on line 138
2020-10-08 10:07:32 - PHP Notice:  Undefined index: config_background_image in C:\xampp\htdocs\upload\vqmod\vqcache\vq2-admin_model_catalog_product.php on line 138
2020-10-08 10:08:09 - PHP Notice:  Undefined index: config_background_image_position in C:\xampp\htdocs\upload\vqmod\vqcache\vq2-admin_model_catalog_product.php on line 138
2020-10-08 10:08:09 - PHP Notice:  Undefined index: config_background_image in C:\xampp\htdocs\upload\vqmod\vqcache\vq2-admin_model_catalog_product.php on line 138
2020-10-08 10:09:41 - PHP Notice:  Undefined index: config_background_image_position in C:\xampp\htdocs\upload\vqmod\vqcache\vq2-admin_model_catalog_product.php on line 138
2020-10-08 10:09:41 - PHP Notice:  Undefined index: config_background_image in C:\xampp\htdocs\upload\vqmod\vqcache\vq2-admin_model_catalog_product.php on line 138
2020-10-08 10:10:05 - PHP Notice:  Undefined index: config_background_image_position in C:\xampp\htdocs\upload\vqmod\vqcache\vq2-admin_model_catalog_product.php on line 138
2020-10-08 10:10:05 - PHP Notice:  Undefined index: config_background_image in C:\xampp\htdocs\upload\vqmod\vqcache\vq2-admin_model_catalog_product.php on line 138
2020-10-08 10:10:35 - PHP Notice:  Undefined index: config_background_image_position in C:\xampp\htdocs\upload\vqmod\vqcache\vq2-admin_model_catalog_product.php on line 138
2020-10-08 10:10:35 - PHP Notice:  Undefined index: config_background_image in C:\xampp\htdocs\upload\vqmod\vqcache\vq2-admin_model_catalog_product.php on line 138
2020-10-08 10:11:21 - PHP Notice:  Undefined index: config_background_image_position in C:\xampp\htdocs\upload\vqmod\vqcache\vq2-admin_model_catalog_product.php on line 138
2020-10-08 10:11:21 - PHP Notice:  Undefined index: config_background_image in C:\xampp\htdocs\upload\vqmod\vqcache\vq2-admin_model_catalog_product.php on line 138
2020-10-08 10:11:55 - PHP Notice:  Undefined index: config_background_image_position in C:\xampp\htdocs\upload\vqmod\vqcache\vq2-admin_model_catalog_product.php on line 138
2020-10-08 10:11:55 - PHP Notice:  Undefined index: config_background_image in C:\xampp\htdocs\upload\vqmod\vqcache\vq2-admin_model_catalog_product.php on line 138
2020-10-08 10:27:10 - PHP Notice:  Undefined index: config_background_image_position in C:\xampp\htdocs\upload\vqmod\vqcache\vq2-admin_model_catalog_product.php on line 138
2020-10-08 10:27:10 - PHP Notice:  Undefined index: config_background_image in C:\xampp\htdocs\upload\vqmod\vqcache\vq2-admin_model_catalog_product.php on line 138
2020-10-08 11:21:13 - PHP Notice:  Undefined index: config_background_image_position in C:\xampp\htdocs\upload\vqmod\vqcache\vq2-admin_model_catalog_product.php on line 138
2020-10-08 11:21:13 - PHP Notice:  Undefined index: config_background_image in C:\xampp\htdocs\upload\vqmod\vqcache\vq2-admin_model_catalog_product.php on line 138
2020-10-08 11:21:55 - PHP Notice:  Undefined index: config_background_image_position in C:\xampp\htdocs\upload\vqmod\vqcache\vq2-admin_model_catalog_product.php on line 138
2020-10-08 11:21:55 - PHP Notice:  Undefined index: config_background_image in C:\xampp\htdocs\upload\vqmod\vqcache\vq2-admin_model_catalog_product.php on line 138
2020-10-08 11:24:54 - PHP Notice:  Undefined index: config_background_image_position in C:\xampp\htdocs\upload\vqmod\vqcache\vq2-admin_model_catalog_product.php on line 138
2020-10-08 11:24:54 - PHP Notice:  Undefined index: config_background_image in C:\xampp\htdocs\upload\vqmod\vqcache\vq2-admin_model_catalog_product.php on line 138
2020-10-08 11:32:09 - PHP Notice:  Undefined index: config_background_image_position in C:\xampp\htdocs\upload\vqmod\vqcache\vq2-admin_model_catalog_product.php on line 138
2020-10-08 11:32:09 - PHP Notice:  Undefined index: config_background_image in C:\xampp\htdocs\upload\vqmod\vqcache\vq2-admin_model_catalog_product.php on line 138
2020-10-08 11:34:18 - PHP Notice:  Undefined index: config_background_image_position in C:\xampp\htdocs\upload\vqmod\vqcache\vq2-admin_model_catalog_product.php on line 138
2020-10-08 11:34:18 - PHP Notice:  Undefined index: config_background_image in C:\xampp\htdocs\upload\vqmod\vqcache\vq2-admin_model_catalog_product.php on line 138
2020-10-08 11:38:01 - PHP Notice:  Undefined index: config_background_image_position in C:\xampp\htdocs\upload\vqmod\vqcache\vq2-admin_model_catalog_product.php on line 138
2020-10-08 11:38:01 - PHP Notice:  Undefined index: config_background_image in C:\xampp\htdocs\upload\vqmod\vqcache\vq2-admin_model_catalog_product.php on line 138
2020-10-08 11:40:41 - PHP Notice:  Undefined index: config_background_image_position in C:\xampp\htdocs\upload\vqmod\vqcache\vq2-admin_model_catalog_product.php on line 138
2020-10-08 11:40:41 - PHP Notice:  Undefined index: config_background_image in C:\xampp\htdocs\upload\vqmod\vqcache\vq2-admin_model_catalog_product.php on line 138
2020-10-08 11:42:37 - PHP Notice:  Undefined index: config_background_image_position in C:\xampp\htdocs\upload\vqmod\vqcache\vq2-admin_model_catalog_product.php on line 138
2020-10-08 11:42:37 - PHP Notice:  Undefined index: config_background_image in C:\xampp\htdocs\upload\vqmod\vqcache\vq2-admin_model_catalog_product.php on line 138
2020-10-08 11:47:28 - PHP Notice:  Undefined index: config_background_image_position in C:\xampp\htdocs\upload\vqmod\vqcache\vq2-admin_model_catalog_product.php on line 138
2020-10-08 11:47:28 - PHP Notice:  Undefined index: config_background_image in C:\xampp\htdocs\upload\vqmod\vqcache\vq2-admin_model_catalog_product.php on line 138
2020-10-08 11:49:59 - PHP Notice:  Undefined index: config_background_image_position in C:\xampp\htdocs\upload\vqmod\vqcache\vq2-admin_model_catalog_product.php on line 138
2020-10-08 11:49:59 - PHP Notice:  Undefined index: config_background_image in C:\xampp\htdocs\upload\vqmod\vqcache\vq2-admin_model_catalog_product.php on line 138
2020-10-08 11:52:07 - PHP Notice:  Undefined index: config_background_image_position in C:\xampp\htdocs\upload\vqmod\vqcache\vq2-admin_model_catalog_product.php on line 138
2020-10-08 11:52:07 - PHP Notice:  Undefined index: config_background_image in C:\xampp\htdocs\upload\vqmod\vqcache\vq2-admin_model_catalog_product.php on line 138
2020-10-08 11:54:38 - PHP Notice:  Undefined index: config_background_image_position in C:\xampp\htdocs\upload\vqmod\vqcache\vq2-admin_model_catalog_product.php on line 138
2020-10-08 11:54:38 - PHP Notice:  Undefined index: config_background_image in C:\xampp\htdocs\upload\vqmod\vqcache\vq2-admin_model_catalog_product.php on line 138
2020-10-08 11:56:08 - PHP Notice:  Undefined index: config_background_image_position in C:\xampp\htdocs\upload\vqmod\vqcache\vq2-admin_model_catalog_product.php on line 138
2020-10-08 11:56:08 - PHP Notice:  Undefined index: config_background_image in C:\xampp\htdocs\upload\vqmod\vqcache\vq2-admin_model_catalog_product.php on line 138
2020-10-08 11:56:55 - PHP Notice:  Undefined index: config_background_image_position in C:\xampp\htdocs\upload\vqmod\vqcache\vq2-admin_model_catalog_product.php on line 138
2020-10-08 11:56:55 - PHP Notice:  Undefined index: config_background_image in C:\xampp\htdocs\upload\vqmod\vqcache\vq2-admin_model_catalog_product.php on line 138
2020-10-08 11:58:45 - PHP Notice:  Undefined index: config_background_image_position in C:\xampp\htdocs\upload\vqmod\vqcache\vq2-admin_model_catalog_product.php on line 138
2020-10-08 11:58:45 - PHP Notice:  Undefined index: config_background_image in C:\xampp\htdocs\upload\vqmod\vqcache\vq2-admin_model_catalog_product.php on line 138
2020-10-08 12:00:22 - PHP Notice:  Undefined index: config_background_image_position in C:\xampp\htdocs\upload\vqmod\vqcache\vq2-admin_model_catalog_product.php on line 138
2020-10-08 12:00:22 - PHP Notice:  Undefined index: config_background_image in C:\xampp\htdocs\upload\vqmod\vqcache\vq2-admin_model_catalog_product.php on line 138
2020-10-08 12:04:06 - PHP Notice:  Undefined index: config_background_image_position in C:\xampp\htdocs\upload\vqmod\vqcache\vq2-admin_model_catalog_product.php on line 138
2020-10-08 12:04:06 - PHP Notice:  Undefined index: config_background_image in C:\xampp\htdocs\upload\vqmod\vqcache\vq2-admin_model_catalog_product.php on line 138
2020-10-08 12:06:01 - PHP Notice:  Undefined index: config_background_image_position in C:\xampp\htdocs\upload\vqmod\vqcache\vq2-admin_model_catalog_product.php on line 138
2020-10-08 12:06:01 - PHP Notice:  Undefined index: config_background_image in C:\xampp\htdocs\upload\vqmod\vqcache\vq2-admin_model_catalog_product.php on line 138
2020-10-08 12:07:34 - PHP Notice:  Undefined index: config_background_image_position in C:\xampp\htdocs\upload\vqmod\vqcache\vq2-admin_model_catalog_product.php on line 138
2020-10-08 12:07:34 - PHP Notice:  Undefined index: config_background_image in C:\xampp\htdocs\upload\vqmod\vqcache\vq2-admin_model_catalog_product.php on line 138
2020-10-08 12:09:42 - PHP Notice:  Undefined index: config_background_image_position in C:\xampp\htdocs\upload\vqmod\vqcache\vq2-admin_model_catalog_product.php on line 138
2020-10-08 12:09:42 - PHP Notice:  Undefined index: config_background_image in C:\xampp\htdocs\upload\vqmod\vqcache\vq2-admin_model_catalog_product.php on line 138
2020-10-08 12:16:02 - PHP Notice:  Undefined index: config_background_image_position in C:\xampp\htdocs\upload\vqmod\vqcache\vq2-admin_model_catalog_product.php on line 138
2020-10-08 12:16:02 - PHP Notice:  Undefined index: config_background_image in C:\xampp\htdocs\upload\vqmod\vqcache\vq2-admin_model_catalog_product.php on line 138
2020-10-08 12:20:24 - PHP Notice:  Undefined index: config_background_image_position in C:\xampp\htdocs\upload\vqmod\vqcache\vq2-admin_model_catalog_product.php on line 138
2020-10-08 12:20:24 - PHP Notice:  Undefined index: config_background_image in C:\xampp\htdocs\upload\vqmod\vqcache\vq2-admin_model_catalog_product.php on line 138
2020-10-08 12:23:13 - PHP Notice:  Undefined index: config_background_image_position in C:\xampp\htdocs\upload\vqmod\vqcache\vq2-admin_model_catalog_product.php on line 138
2020-10-08 12:23:13 - PHP Notice:  Undefined index: config_background_image in C:\xampp\htdocs\upload\vqmod\vqcache\vq2-admin_model_catalog_product.php on line 138
2020-10-08 12:23:46 - PHP Notice:  Undefined index: config_background_image_position in C:\xampp\htdocs\upload\vqmod\vqcache\vq2-admin_model_catalog_product.php on line 138
2020-10-08 12:23:46 - PHP Notice:  Undefined index: config_background_image in C:\xampp\htdocs\upload\vqmod\vqcache\vq2-admin_model_catalog_product.php on line 138
2020-10-08 12:24:59 - PHP Notice:  Undefined index: config_background_image_position in C:\xampp\htdocs\upload\vqmod\vqcache\vq2-admin_model_catalog_product.php on line 138
2020-10-08 12:24:59 - PHP Notice:  Undefined index: config_background_image in C:\xampp\htdocs\upload\vqmod\vqcache\vq2-admin_model_catalog_product.php on line 138
2020-10-08 12:26:28 - PHP Notice:  Undefined index: config_background_image_position in C:\xampp\htdocs\upload\vqmod\vqcache\vq2-admin_model_catalog_product.php on line 138
2020-10-08 12:26:28 - PHP Notice:  Undefined index: config_background_image in C:\xampp\htdocs\upload\vqmod\vqcache\vq2-admin_model_catalog_product.php on line 138
2020-10-08 12:29:05 - PHP Notice:  Undefined index: config_background_image_position in C:\xampp\htdocs\upload\vqmod\vqcache\vq2-admin_model_catalog_product.php on line 138
2020-10-08 12:29:05 - PHP Notice:  Undefined index: config_background_image in C:\xampp\htdocs\upload\vqmod\vqcache\vq2-admin_model_catalog_product.php on line 138
2020-10-08 12:31:09 - PHP Notice:  Undefined index: config_background_image_position in C:\xampp\htdocs\upload\vqmod\vqcache\vq2-admin_model_catalog_product.php on line 138
2020-10-08 12:31:09 - PHP Notice:  Undefined index: config_background_image in C:\xampp\htdocs\upload\vqmod\vqcache\vq2-admin_model_catalog_product.php on line 138
2020-10-08 12:33:02 - PHP Notice:  Undefined index: config_background_image_position in C:\xampp\htdocs\upload\vqmod\vqcache\vq2-admin_model_catalog_product.php on line 138
2020-10-08 12:33:02 - PHP Notice:  Undefined index: config_background_image in C:\xampp\htdocs\upload\vqmod\vqcache\vq2-admin_model_catalog_product.php on line 138
2020-10-08 12:35:42 - PHP Notice:  Undefined index: config_background_image_position in C:\xampp\htdocs\upload\vqmod\vqcache\vq2-admin_model_catalog_product.php on line 138
2020-10-08 12:35:42 - PHP Notice:  Undefined index: config_background_image in C:\xampp\htdocs\upload\vqmod\vqcache\vq2-admin_model_catalog_product.php on line 138
2020-10-08 12:37:14 - PHP Notice:  Undefined index: config_background_image_position in C:\xampp\htdocs\upload\vqmod\vqcache\vq2-admin_model_catalog_product.php on line 138
2020-10-08 12:37:14 - PHP Notice:  Undefined index: config_background_image in C:\xampp\htdocs\upload\vqmod\vqcache\vq2-admin_model_catalog_product.php on line 138
2020-10-08 12:38:42 - PHP Notice:  Undefined index: config_background_image_position in C:\xampp\htdocs\upload\vqmod\vqcache\vq2-admin_model_catalog_product.php on line 138
2020-10-08 12:38:42 - PHP Notice:  Undefined index: config_background_image in C:\xampp\htdocs\upload\vqmod\vqcache\vq2-admin_model_catalog_product.php on line 138
2020-10-08 12:41:05 - PHP Notice:  Undefined index: config_background_image_position in C:\xampp\htdocs\upload\vqmod\vqcache\vq2-admin_model_catalog_product.php on line 138
2020-10-08 12:41:05 - PHP Notice:  Undefined index: config_background_image in C:\xampp\htdocs\upload\vqmod\vqcache\vq2-admin_model_catalog_product.php on line 138
2020-10-08 12:42:02 - PHP Notice:  Undefined index: config_background_image_position in C:\xampp\htdocs\upload\vqmod\vqcache\vq2-admin_model_catalog_product.php on line 138
2020-10-08 12:42:02 - PHP Notice:  Undefined index: config_background_image in C:\xampp\htdocs\upload\vqmod\vqcache\vq2-admin_model_catalog_product.php on line 138
2020-10-08 12:43:18 - PHP Notice:  Undefined index: config_background_image_position in C:\xampp\htdocs\upload\vqmod\vqcache\vq2-admin_model_catalog_product.php on line 138
2020-10-08 12:43:18 - PHP Notice:  Undefined index: config_background_image in C:\xampp\htdocs\upload\vqmod\vqcache\vq2-admin_model_catalog_product.php on line 138
2020-10-08 12:44:28 - PHP Notice:  Undefined index: config_background_image_position in C:\xampp\htdocs\upload\vqmod\vqcache\vq2-admin_model_catalog_product.php on line 138
2020-10-08 12:44:28 - PHP Notice:  Undefined index: config_background_image in C:\xampp\htdocs\upload\vqmod\vqcache\vq2-admin_model_catalog_product.php on line 138
2020-10-08 12:45:57 - PHP Notice:  Undefined index: config_background_image_position in C:\xampp\htdocs\upload\vqmod\vqcache\vq2-admin_model_catalog_product.php on line 138
2020-10-08 12:45:57 - PHP Notice:  Undefined index: config_background_image in C:\xampp\htdocs\upload\vqmod\vqcache\vq2-admin_model_catalog_product.php on line 138
2020-10-08 12:47:04 - PHP Notice:  Undefined index: config_background_image_position in C:\xampp\htdocs\upload\vqmod\vqcache\vq2-admin_model_catalog_product.php on line 138
2020-10-08 12:47:04 - PHP Notice:  Undefined index: config_background_image in C:\xampp\htdocs\upload\vqmod\vqcache\vq2-admin_model_catalog_product.php on line 138
2020-10-08 12:48:31 - PHP Notice:  Undefined index: config_background_image_position in C:\xampp\htdocs\upload\vqmod\vqcache\vq2-admin_model_catalog_product.php on line 138
2020-10-08 12:48:31 - PHP Notice:  Undefined index: config_background_image in C:\xampp\htdocs\upload\vqmod\vqcache\vq2-admin_model_catalog_product.php on line 138
2020-10-08 12:49:15 - PHP Notice:  Undefined index: config_background_image_position in C:\xampp\htdocs\upload\vqmod\vqcache\vq2-admin_model_catalog_product.php on line 138
2020-10-08 12:49:15 - PHP Notice:  Undefined index: config_background_image in C:\xampp\htdocs\upload\vqmod\vqcache\vq2-admin_model_catalog_product.php on line 138
2020-10-08 12:50:01 - PHP Notice:  Undefined index: config_background_image_position in C:\xampp\htdocs\upload\vqmod\vqcache\vq2-admin_model_catalog_product.php on line 138
2020-10-08 12:50:01 - PHP Notice:  Undefined index: config_background_image in C:\xampp\htdocs\upload\vqmod\vqcache\vq2-admin_model_catalog_product.php on line 138
2020-10-08 12:51:31 - PHP Notice:  Undefined index: config_background_image_position in C:\xampp\htdocs\upload\vqmod\vqcache\vq2-admin_model_catalog_product.php on line 138
2020-10-08 12:51:31 - PHP Notice:  Undefined index: config_background_image in C:\xampp\htdocs\upload\vqmod\vqcache\vq2-admin_model_catalog_product.php on line 138
2020-10-08 12:53:02 - PHP Notice:  Undefined index: config_background_image_position in C:\xampp\htdocs\upload\vqmod\vqcache\vq2-admin_model_catalog_product.php on line 138
2020-10-08 12:53:02 - PHP Notice:  Undefined index: config_background_image in C:\xampp\htdocs\upload\vqmod\vqcache\vq2-admin_model_catalog_product.php on line 138
2020-10-08 13:01:45 - PHP Notice:  Undefined index: config_background_image_position in C:\xampp\htdocs\upload\vqmod\vqcache\vq2-admin_model_catalog_product.php on line 138
2020-10-08 13:01:45 - PHP Notice:  Undefined index: config_background_image in C:\xampp\htdocs\upload\vqmod\vqcache\vq2-admin_model_catalog_product.php on line 138
2020-10-08 13:02:44 - PHP Notice:  Undefined index: config_background_image_position in C:\xampp\htdocs\upload\vqmod\vqcache\vq2-admin_model_catalog_product.php on line 138
2020-10-08 13:02:44 - PHP Notice:  Undefined index: config_background_image in C:\xampp\htdocs\upload\vqmod\vqcache\vq2-admin_model_catalog_product.php on line 138
2020-10-08 13:04:44 - PHP Notice:  Undefined index: config_background_image_position in C:\xampp\htdocs\upload\vqmod\vqcache\vq2-admin_model_catalog_product.php on line 138
2020-10-08 13:04:44 - PHP Notice:  Undefined index: config_background_image in C:\xampp\htdocs\upload\vqmod\vqcache\vq2-admin_model_catalog_product.php on line 138
2020-10-08 13:05:50 - PHP Notice:  Undefined index: config_background_image_position in C:\xampp\htdocs\upload\vqmod\vqcache\vq2-admin_model_catalog_product.php on line 138
2020-10-08 13:05:50 - PHP Notice:  Undefined index: config_background_image in C:\xampp\htdocs\upload\vqmod\vqcache\vq2-admin_model_catalog_product.php on line 138
2020-10-08 13:09:19 - PHP Notice:  Undefined index: config_background_image_position in C:\xampp\htdocs\upload\vqmod\vqcache\vq2-admin_model_catalog_product.php on line 138
2020-10-08 13:09:19 - PHP Notice:  Undefined index: config_background_image in C:\xampp\htdocs\upload\vqmod\vqcache\vq2-admin_model_catalog_product.php on line 138
2020-10-08 13:40:34 - PHP Notice:  Undefined index: config_background_image_position in C:\xampp\htdocs\upload\vqmod\vqcache\vq2-admin_model_catalog_product.php on line 4
2020-10-08 13:40:34 - PHP Notice:  Undefined index: config_background_image in C:\xampp\htdocs\upload\vqmod\vqcache\vq2-admin_model_catalog_product.php on line 4
2020-10-08 13:46:44 - PHP Notice:  Undefined index: config_background_image_position in C:\xampp\htdocs\upload\vqmod\vqcache\vq2-admin_model_catalog_product.php on line 4
2020-10-08 13:46:44 - PHP Notice:  Undefined index: config_background_image in C:\xampp\htdocs\upload\vqmod\vqcache\vq2-admin_model_catalog_product.php on line 4
2020-10-08 13:50:04 - PHP Notice:  Undefined index: config_background_image_position in C:\xampp\htdocs\upload\vqmod\vqcache\vq2-admin_model_catalog_product.php on line 4
2020-10-08 13:50:04 - PHP Notice:  Undefined index: config_background_image in C:\xampp\htdocs\upload\vqmod\vqcache\vq2-admin_model_catalog_product.php on line 4
2020-10-08 13:50:42 - PHP Notice:  Undefined index: config_background_image_position in C:\xampp\htdocs\upload\vqmod\vqcache\vq2-admin_model_catalog_product.php on line 138
2020-10-08 13:50:42 - PHP Notice:  Undefined index: config_background_image in C:\xampp\htdocs\upload\vqmod\vqcache\vq2-admin_model_catalog_product.php on line 138
2020-10-08 13:53:33 - PHP Notice:  Undefined index: config_background_image_position in C:\xampp\htdocs\upload\vqmod\vqcache\vq2-admin_model_catalog_product.php on line 4
2020-10-08 13:53:33 - PHP Notice:  Undefined index: config_background_image in C:\xampp\htdocs\upload\vqmod\vqcache\vq2-admin_model_catalog_product.php on line 4
2020-10-08 13:56:21 - PHP Notice:  Undefined index: config_background_image_position in C:\xampp\htdocs\upload\vqmod\vqcache\vq2-admin_model_catalog_product.php on line 4
2020-10-08 13:56:21 - PHP Notice:  Undefined index: config_background_image in C:\xampp\htdocs\upload\vqmod\vqcache\vq2-admin_model_catalog_product.php on line 4
2020-10-08 14:01:25 - PHP Notice:  Undefined index: config_background_image_position in C:\xampp\htdocs\upload\vqmod\vqcache\vq2-admin_model_catalog_product.php on line 4
2020-10-08 14:01:25 - PHP Notice:  Undefined index: config_background_image in C:\xampp\htdocs\upload\vqmod\vqcache\vq2-admin_model_catalog_product.php on line 4
2020-10-08 14:01:58 - PHP Notice:  Undefined index: config_background_image_position in C:\xampp\htdocs\upload\vqmod\vqcache\vq2-admin_model_catalog_product.php on line 138
2020-10-08 14:01:58 - PHP Notice:  Undefined index: config_background_image in C:\xampp\htdocs\upload\vqmod\vqcache\vq2-admin_model_catalog_product.php on line 138
2020-10-08 14:02:52 - PHP Notice:  Undefined index: config_background_image_position in C:\xampp\htdocs\upload\vqmod\vqcache\vq2-admin_model_catalog_product.php on line 138
2020-10-08 14:02:52 - PHP Notice:  Undefined index: config_background_image in C:\xampp\htdocs\upload\vqmod\vqcache\vq2-admin_model_catalog_product.php on line 138
